<?xml version="1.0" encoding="UTF-8"?>
<!-- Generated by org.testng.reporters.JUnitXMLReporter -->
<testsuite hostname="DESKTOP-Q6H280O" ignored="0" name="EdgeTest" tests="4" failures="0" timestamp="2024-04-25T18:06:25 EDT" time="26.587" errors="0">
  <testcase name="@AfterClass tearDown" time="0.002" classname="com.automation.pim.testCases.BaseClass">
    <failure type="java.lang.NullPointerException">
      <![CDATA[java.lang.NullPointerException
at com.automation.pim.testCases.BaseClass.tearDown(BaseClass.java:76)
at java.util.ArrayList.forEach(ArrayList.java:1257)
... Removed 25 stack frames]]>
    </failure>
  </testcase> <!-- @AfterClass tearDown -->
  <testcase name="@AfterClass tearDown" time="0.002" classname="com.automation.pim.testCases.BaseClass">
    <failure type="java.lang.NullPointerException">
      <![CDATA[java.lang.NullPointerException
at com.automation.pim.testCases.BaseClass.tearDown(BaseClass.java:76)
at java.util.ArrayList.forEach(ArrayList.java:1257)
... Removed 25 stack frames]]>
    </failure>
  </testcase> <!-- @AfterClass tearDown -->
  <testcase name="@AfterClass tearDown" time="0.001" classname="com.automation.pim.testCases.BaseClass">
    <failure type="java.lang.NullPointerException">
      <![CDATA[java.lang.NullPointerException
at com.automation.pim.testCases.BaseClass.tearDown(BaseClass.java:76)
at java.util.ArrayList.forEach(ArrayList.java:1257)
... Removed 25 stack frames]]>
    </failure>
  </testcase> <!-- @AfterClass tearDown -->
  <testcase name="signUpTest" time="0.006" classname="com.automation.pim.testCases.TestCase1"/>
  <testcase name="addtoCart" time="0.015" classname="com.automation.pim.testCases.TestCase2"/>
  <testcase name="purchase" time="0.006" classname="com.automation.pim.testCases.TestCase2"/>
  <testcase name="category" time="0.003" classname="com.automation.pim.testCases.TestCase3"/>
</testsuite> <!-- EdgeTest -->
