<?xml version="1.0" encoding="UTF-8"?>
<!-- Generated by org.testng.reporters.JUnitXMLReporter -->
<testsuite hostname="DESKTOP-Q6H280O" ignored="0" name="FireFoxTest" tests="1" failures="0" timestamp="2024-04-25T18:05:57 EDT" time="18.66" errors="0">
  <testcase name="@AfterClass tearDown" time="0.01" classname="com.automation.pim.testCases.BaseClass">
    <failure type="java.lang.NullPointerException">
      <![CDATA[java.lang.NullPointerException
at com.automation.pim.testCases.BaseClass.tearDown(BaseClass.java:76)
at java.util.ArrayList.forEach(ArrayList.java:1257)
... Removed 25 stack frames]]>
    </failure>
  </testcase> <!-- @AfterClass tearDown -->
  <testcase name="signUpTest" time="0.032" classname="com.automation.pim.testCases.TestCase1"/>
</testsuite> <!-- FireFoxTest -->
