<?xml version="1.0" encoding="UTF-8"?>
<testng-results skipped="0" failed="0" ignored="0" total="1" passed="1">
  <reporter-output>
  </reporter-output>
  <suite name="Suite" duration-ms="7966" started-at="2024-04-26T13:21:29 EDT" finished-at="2024-04-26T13:21:37 EDT">
    <groups>
    </groups>
    <test name="ChromeTest" duration-ms="7966" started-at="2024-04-26T13:21:29 EDT" finished-at="2024-04-26T13:21:37 EDT">
      <class name="com.automation.pim.testCases.TestCase1">
        <test-method status="PASS" signature="setup(java.lang.String)[pri:0, instance:com.automation.pim.testCases.TestCase1@1dd02175]" name="setup" is-config="true" duration-ms="4707" started-at="2024-04-26T13:21:30 EDT" finished-at="2024-04-26T13:21:34 EDT">
          <params>
            <param index="0">
              <value>
                <![CDATA[chrome]]>
              </value>
            </param>
          </params>
          <reporter-output>
          </reporter-output>
        </test-method> <!-- setup -->
        <test-method status="PASS" signature="signUpTest()[pri:1, instance:com.automation.pim.testCases.TestCase1@1dd02175]" name="signUpTest" duration-ms="1604" started-at="2024-04-26T13:21:35 EDT" finished-at="2024-04-26T13:21:36 EDT">
          <reporter-output>
          </reporter-output>
        </test-method> <!-- signUpTest -->
        <test-method status="PASS" signature="tearDown()[pri:0, instance:com.automation.pim.testCases.TestCase1@1dd02175]" name="tearDown" is-config="true" duration-ms="838" started-at="2024-04-26T13:21:36 EDT" finished-at="2024-04-26T13:21:37 EDT">
          <reporter-output>
          </reporter-output>
        </test-method> <!-- tearDown -->
      </class> <!-- com.automation.pim.testCases.TestCase1 -->
    </test> <!-- ChromeTest -->
  </suite> <!-- Suite -->
</testng-results>
